        -:    0:Source:unittest.c
        -:    0:Graph:unittest.gcno
        -:    0:Data:unittest.gcda
        -:    0:Runs:1
        -:    0:Programs:1
        -:    1:#include <gtest/gtest.h>
        -:    2:#include "tobetest.c"
        -:    3:
        -:    4:// WeakNormal test for Triangle
function _ZN27TrianglTest_WeakNormal_TestD0Ev called 1 returned 100% blocks executed 100%
function _ZN27TrianglTest_WeakNormal_TestD2Ev called 1 returned 100% blocks executed 75%
function _ZN27TrianglTest_WeakNormal_Test8TestBodyEv called 1 returned 100% blocks executed 29%
function _ZN27TrianglTest_WeakNormal_TestC2Ev called 1 returned 100% blocks executed 100%
        5:    5:TEST(TrianglTest, WeakNormal) {
call    0 returned 100%
call    1 returned 100%
call    2 returned 100%
call    3 returned 100%
call    4 returned 100%
call    5 returned 100%
call    6 returned 100%
branch  7 taken 0% (fallthrough)
branch  8 taken 100%
call    9 never executed
call   10 returned 100%
        1:    6:    EXPECT_STREQ("Equilateral", Triangle(5, 5, 5));
call    0 returned 100%
call    1 returned 100%
branch  2 taken 100% (fallthrough)
branch  3 taken 0% (throw)
call    4 returned 100%
branch  5 taken 0% (fallthrough)
branch  6 taken 100%
call    7 never executed
branch  8 never executed
branch  9 never executed
call   10 never executed
branch 11 never executed
branch 12 never executed
call   13 never executed
branch 14 never executed
branch 15 never executed
call   16 never executed
branch 17 never executed
branch 18 never executed
call   19 never executed
branch 20 never executed
branch 21 never executed
call   22 never executed
branch 23 never executed
branch 24 never executed
call   25 returned 100%
branch 26 taken 100% (fallthrough)
branch 27 taken 0% (throw)
call   28 never executed
call   29 never executed
call   30 never executed
call   31 never executed
        1:    7:    EXPECT_STREQ("Isosceles", Triangle(2, 2, 3));
call    0 returned 100%
call    1 returned 100%
branch  2 taken 100% (fallthrough)
branch  3 taken 0% (throw)
call    4 returned 100%
branch  5 taken 0% (fallthrough)
branch  6 taken 100%
call    7 never executed
branch  8 never executed
branch  9 never executed
call   10 never executed
branch 11 never executed
branch 12 never executed
call   13 never executed
branch 14 never executed
branch 15 never executed
call   16 never executed
branch 17 never executed
branch 18 never executed
call   19 never executed
branch 20 never executed
branch 21 never executed
call   22 never executed
branch 23 never executed
branch 24 never executed
call   25 returned 100%
branch 26 taken 100% (fallthrough)
branch 27 taken 0% (throw)
call   28 never executed
call   29 never executed
call   30 never executed
call   31 never executed
        1:    8:    EXPECT_STREQ("Scalene", Triangle(3, 4, 5));
call    0 returned 100%
call    1 returned 100%
branch  2 taken 100% (fallthrough)
branch  3 taken 0% (throw)
call    4 returned 100%
branch  5 taken 0% (fallthrough)
branch  6 taken 100%
call    7 never executed
branch  8 never executed
branch  9 never executed
call   10 never executed
branch 11 never executed
branch 12 never executed
call   13 never executed
branch 14 never executed
branch 15 never executed
call   16 never executed
branch 17 never executed
branch 18 never executed
call   19 never executed
branch 20 never executed
branch 21 never executed
call   22 never executed
branch 23 never executed
branch 24 never executed
call   25 returned 100%
branch 26 taken 100% (fallthrough)
branch 27 taken 0% (throw)
call   28 never executed
call   29 never executed
call   30 never executed
call   31 never executed
        1:    9:    EXPECT_STREQ("NotATriangle", Triangle(4, 1, 2));
call    0 returned 100%
call    1 returned 100%
branch  2 taken 100% (fallthrough)
branch  3 taken 0% (throw)
call    4 returned 100%
branch  5 taken 0% (fallthrough)
branch  6 taken 100%
call    7 never executed
branch  8 never executed
branch  9 never executed
call   10 never executed
branch 11 never executed
branch 12 never executed
call   13 never executed
branch 14 never executed
branch 15 never executed
call   16 never executed
branch 17 never executed
branch 18 never executed
call   19 never executed
branch 20 never executed
branch 21 never executed
call   22 never executed
branch 23 never executed
branch 24 never executed
call   25 returned 100%
branch 26 taken 100% (fallthrough)
branch 27 taken 0% (throw)
call   28 never executed
call   29 never executed
call   30 never executed
        1:   10:}
        -:   11:
        -:   12:// WeakRobust test for Triangle
function _ZN24Triangle_WeakRobust_TestD0Ev called 1 returned 100% blocks executed 100%
function _ZN24Triangle_WeakRobust_TestD2Ev called 1 returned 100% blocks executed 75%
function _ZN24Triangle_WeakRobust_Test8TestBodyEv called 1 returned 100% blocks executed 29%
function _ZN24Triangle_WeakRobust_TestC2Ev called 1 returned 100% blocks executed 100%
        5:   13:TEST(Triangle, WeakRobust) {
call    0 returned 100%
call    1 returned 100%
call    2 returned 100%
call    3 returned 100%
call    4 returned 100%
call    5 returned 100%
call    6 returned 100%
branch  7 taken 0% (fallthrough)
branch  8 taken 100%
call    9 never executed
call   10 returned 100%
        1:   14:    EXPECT_STREQ("Invalid input", Triangle(-1, 5, 5));
call    0 returned 100%
call    1 returned 100%
branch  2 taken 100% (fallthrough)
branch  3 taken 0% (throw)
call    4 returned 100%
branch  5 taken 0% (fallthrough)
branch  6 taken 100%
call    7 never executed
branch  8 never executed
branch  9 never executed
call   10 never executed
branch 11 never executed
branch 12 never executed
call   13 never executed
branch 14 never executed
branch 15 never executed
call   16 never executed
branch 17 never executed
branch 18 never executed
call   19 never executed
branch 20 never executed
branch 21 never executed
call   22 never executed
branch 23 never executed
branch 24 never executed
call   25 returned 100%
branch 26 taken 100% (fallthrough)
branch 27 taken 0% (throw)
call   28 never executed
call   29 never executed
call   30 never executed
call   31 never executed
        1:   15:    EXPECT_STREQ("Invalid input", Triangle(5, -1, 5));
call    0 returned 100%
call    1 returned 100%
branch  2 taken 100% (fallthrough)
branch  3 taken 0% (throw)
call    4 returned 100%
branch  5 taken 0% (fallthrough)
branch  6 taken 100%
call    7 never executed
branch  8 never executed
branch  9 never executed
call   10 never executed
branch 11 never executed
branch 12 never executed
call   13 never executed
branch 14 never executed
branch 15 never executed
call   16 never executed
branch 17 never executed
branch 18 never executed
call   19 never executed
branch 20 never executed
branch 21 never executed
call   22 never executed
branch 23 never executed
branch 24 never executed
call   25 returned 100%
branch 26 taken 100% (fallthrough)
branch 27 taken 0% (throw)
call   28 never executed
call   29 never executed
call   30 never executed
call   31 never executed
        1:   16:    EXPECT_STREQ("Invalid input", Triangle(5, 5, -1));
call    0 returned 100%
call    1 returned 100%
branch  2 taken 100% (fallthrough)
branch  3 taken 0% (throw)
call    4 returned 100%
branch  5 taken 0% (fallthrough)
branch  6 taken 100%
call    7 never executed
branch  8 never executed
branch  9 never executed
call   10 never executed
branch 11 never executed
branch 12 never executed
call   13 never executed
branch 14 never executed
branch 15 never executed
call   16 never executed
branch 17 never executed
branch 18 never executed
call   19 never executed
branch 20 never executed
branch 21 never executed
call   22 never executed
branch 23 never executed
branch 24 never executed
call   25 returned 100%
branch 26 taken 100% (fallthrough)
branch 27 taken 0% (throw)
call   28 never executed
call   29 never executed
call   30 never executed
        1:   17:}
        -:   18:
        -:   19:// StrongRobust test for Triangle
function _ZN26Triangle_StrongRobust_TestD0Ev called 1 returned 100% blocks executed 100%
function _ZN26Triangle_StrongRobust_TestD2Ev called 1 returned 100% blocks executed 75%
function _ZN26Triangle_StrongRobust_Test8TestBodyEv called 1 returned 100% blocks executed 29%
function _ZN26Triangle_StrongRobust_TestC2Ev called 1 returned 100% blocks executed 100%
        5:   20:TEST(Triangle, StrongRobust) {
call    0 returned 100%
call    1 returned 100%
call    2 returned 100%
call    3 returned 100%
call    4 returned 100%
call    5 returned 100%
call    6 returned 100%
branch  7 taken 0% (fallthrough)
branch  8 taken 100%
call    9 never executed
call   10 returned 100%
        1:   21:    EXPECT_STREQ("Invalid input", Triangle(-1, -1, 5));
call    0 returned 100%
call    1 returned 100%
branch  2 taken 100% (fallthrough)
branch  3 taken 0% (throw)
call    4 returned 100%
branch  5 taken 0% (fallthrough)
branch  6 taken 100%
call    7 never executed
branch  8 never executed
branch  9 never executed
call   10 never executed
branch 11 never executed
branch 12 never executed
call   13 never executed
branch 14 never executed
branch 15 never executed
call   16 never executed
branch 17 never executed
branch 18 never executed
call   19 never executed
branch 20 never executed
branch 21 never executed
call   22 never executed
branch 23 never executed
branch 24 never executed
call   25 returned 100%
branch 26 taken 100% (fallthrough)
branch 27 taken 0% (throw)
call   28 never executed
call   29 never executed
call   30 never executed
call   31 never executed
        1:   22:    EXPECT_STREQ("Invalid input", Triangle(-1, 5, -1));
call    0 returned 100%
call    1 returned 100%
branch  2 taken 100% (fallthrough)
branch  3 taken 0% (throw)
call    4 returned 100%
branch  5 taken 0% (fallthrough)
branch  6 taken 100%
call    7 never executed
branch  8 never executed
branch  9 never executed
call   10 never executed
branch 11 never executed
branch 12 never executed
call   13 never executed
branch 14 never executed
branch 15 never executed
call   16 never executed
branch 17 never executed
branch 18 never executed
call   19 never executed
branch 20 never executed
branch 21 never executed
call   22 never executed
branch 23 never executed
branch 24 never executed
call   25 returned 100%
branch 26 taken 100% (fallthrough)
branch 27 taken 0% (throw)
call   28 never executed
call   29 never executed
call   30 never executed
call   31 never executed
        1:   23:    EXPECT_STREQ("Invalid input", Triangle(5, -1, -1));
call    0 returned 100%
call    1 returned 100%
branch  2 taken 100% (fallthrough)
branch  3 taken 0% (throw)
call    4 returned 100%
branch  5 taken 0% (fallthrough)
branch  6 taken 100%
call    7 never executed
branch  8 never executed
branch  9 never executed
call   10 never executed
branch 11 never executed
branch 12 never executed
call   13 never executed
branch 14 never executed
branch 15 never executed
call   16 never executed
branch 17 never executed
branch 18 never executed
call   19 never executed
branch 20 never executed
branch 21 never executed
call   22 never executed
branch 23 never executed
branch 24 never executed
call   25 returned 100%
branch 26 taken 100% (fallthrough)
branch 27 taken 0% (throw)
call   28 never executed
call   29 never executed
call   30 never executed
        1:   24:}
        -:   25:
        -:   26:// WN for NextDay
function _ZN23NextDay_WeakNormal_TestD0Ev called 1 returned 100% blocks executed 100%
function _ZN23NextDay_WeakNormal_TestD2Ev called 1 returned 100% blocks executed 75%
function _ZN23NextDay_WeakNormal_Test8TestBodyEv called 1 returned 100% blocks executed 28%
function _ZN23NextDay_WeakNormal_TestC2Ev called 1 returned 100% blocks executed 100%
        5:   27:TEST(NextDay, WeakNormal) {
call    0 returned 100%
call    1 returned 100%
call    2 returned 100%
call    3 returned 100%
call    4 returned 100%
call    5 returned 100%
call    6 returned 100%
branch  7 taken 0% (fallthrough)
branch  8 taken 100%
call    9 never executed
call   10 returned 100%
        -:   28:    // 润年
        1:   29:    EXPECT_STREQ("1912/2/29", NextDay(1912, 2, 28));
call    0 returned 100%
call    1 returned 100%
branch  2 taken 100% (fallthrough)
branch  3 taken 0% (throw)
call    4 returned 100%
branch  5 taken 0% (fallthrough)
branch  6 taken 100%
call    7 never executed
branch  8 never executed
branch  9 never executed
call   10 never executed
branch 11 never executed
branch 12 never executed
call   13 never executed
branch 14 never executed
branch 15 never executed
call   16 never executed
branch 17 never executed
branch 18 never executed
call   19 never executed
branch 20 never executed
branch 21 never executed
call   22 never executed
branch 23 never executed
branch 24 never executed
call   25 returned 100%
branch 26 taken 100% (fallthrough)
branch 27 taken 0% (throw)
call   28 never executed
call   29 never executed
call   30 never executed
call   31 never executed
        1:   30:    EXPECT_STREQ("2000/2/29", NextDay(2000, 2, 28));
call    0 returned 100%
call    1 returned 100%
branch  2 taken 100% (fallthrough)
branch  3 taken 0% (throw)
call    4 returned 100%
branch  5 taken 0% (fallthrough)
branch  6 taken 100%
call    7 never executed
branch  8 never executed
branch  9 never executed
call   10 never executed
branch 11 never executed
branch 12 never executed
call   13 never executed
branch 14 never executed
branch 15 never executed
call   16 never executed
branch 17 never executed
branch 18 never executed
call   19 never executed
branch 20 never executed
branch 21 never executed
call   22 never executed
branch 23 never executed
branch 24 never executed
call   25 returned 100%
branch 26 taken 100% (fallthrough)
branch 27 taken 0% (throw)
call   28 never executed
call   29 never executed
call   30 never executed
call   31 never executed
        1:   31:    EXPECT_STREQ("1900/3/1", NextDay(1900, 2, 28));
call    0 returned 100%
call    1 returned 100%
branch  2 taken 100% (fallthrough)
branch  3 taken 0% (throw)
call    4 returned 100%
branch  5 taken 0% (fallthrough)
branch  6 taken 100%
call    7 never executed
branch  8 never executed
branch  9 never executed
call   10 never executed
branch 11 never executed
branch 12 never executed
call   13 never executed
branch 14 never executed
branch 15 never executed
call   16 never executed
branch 17 never executed
branch 18 never executed
call   19 never executed
branch 20 never executed
branch 21 never executed
call   22 never executed
branch 23 never executed
branch 24 never executed
call   25 returned 100%
branch 26 taken 100% (fallthrough)
branch 27 taken 0% (throw)
call   28 never executed
call   29 never executed
call   30 never executed
call   31 never executed
        -:   32:
        -:   33:    // 小月
        1:   34:    EXPECT_STREQ("2014/5/1", NextDay(2014, 4, 30));
call    0 returned 100%
call    1 returned 100%
branch  2 taken 100% (fallthrough)
branch  3 taken 0% (throw)
call    4 returned 100%
branch  5 taken 0% (fallthrough)
branch  6 taken 100%
call    7 never executed
branch  8 never executed
branch  9 never executed
call   10 never executed
branch 11 never executed
branch 12 never executed
call   13 never executed
branch 14 never executed
branch 15 never executed
call   16 never executed
branch 17 never executed
branch 18 never executed
call   19 never executed
branch 20 never executed
branch 21 never executed
call   22 never executed
branch 23 never executed
branch 24 never executed
call   25 returned 100%
branch 26 taken 100% (fallthrough)
branch 27 taken 0% (throw)
call   28 never executed
call   29 never executed
call   30 never executed
call   31 never executed
        -:   35:
        -:   36:    // 大月
        1:   37:    EXPECT_STREQ("2014/6/1", NextDay(2014, 5, 31));
call    0 returned 100%
call    1 returned 100%
branch  2 taken 100% (fallthrough)
branch  3 taken 0% (throw)
call    4 returned 100%
branch  5 taken 0% (fallthrough)
branch  6 taken 100%
call    7 never executed
branch  8 never executed
branch  9 never executed
call   10 never executed
branch 11 never executed
branch 12 never executed
call   13 never executed
branch 14 never executed
branch 15 never executed
call   16 never executed
branch 17 never executed
branch 18 never executed
call   19 never executed
branch 20 never executed
branch 21 never executed
call   22 never executed
branch 23 never executed
branch 24 never executed
call   25 returned 100%
branch 26 taken 100% (fallthrough)
branch 27 taken 0% (throw)
call   28 never executed
call   29 never executed
call   30 never executed
call   31 never executed
        -:   38:
        -:   39:    // 12月
        1:   40:    EXPECT_STREQ("2015/1/1", NextDay(2014, 12, 31));
call    0 returned 100%
call    1 returned 100%
branch  2 taken 100% (fallthrough)
branch  3 taken 0% (throw)
call    4 returned 100%
branch  5 taken 0% (fallthrough)
branch  6 taken 100%
call    7 never executed
branch  8 never executed
branch  9 never executed
call   10 never executed
branch 11 never executed
branch 12 never executed
call   13 never executed
branch 14 never executed
branch 15 never executed
call   16 never executed
branch 17 never executed
branch 18 never executed
call   19 never executed
branch 20 never executed
branch 21 never executed
call   22 never executed
branch 23 never executed
branch 24 never executed
call   25 returned 100%
branch 26 taken 100% (fallthrough)
branch 27 taken 0% (throw)
call   28 never executed
call   29 never executed
call   30 never executed
        1:   41:}
        -:   42:
        -:   43:// WR for NextDay
function _ZN23NextDay_WeakRobust_TestD0Ev called 1 returned 100% blocks executed 100%
function _ZN23NextDay_WeakRobust_TestD2Ev called 1 returned 100% blocks executed 75%
function _ZN23NextDay_WeakRobust_Test8TestBodyEv called 1 returned 100% blocks executed 28%
function _ZN23NextDay_WeakRobust_TestC2Ev called 1 returned 100% blocks executed 100%
        5:   44:TEST(NextDay, WeakRobust) {
call    0 returned 100%
call    1 returned 100%
call    2 returned 100%
call    3 returned 100%
call    4 returned 100%
call    5 returned 100%
call    6 returned 100%
branch  7 taken 0% (fallthrough)
branch  8 taken 100%
call    9 never executed
call   10 returned 100%
        -:   45:    // invalid day
        1:   46:    EXPECT_STREQ("Invalid input", NextDay(2015, 6, -1));
call    0 returned 100%
call    1 returned 100%
branch  2 taken 100% (fallthrough)
branch  3 taken 0% (throw)
call    4 returned 100%
branch  5 taken 0% (fallthrough)
branch  6 taken 100%
call    7 never executed
branch  8 never executed
branch  9 never executed
call   10 never executed
branch 11 never executed
branch 12 never executed
call   13 never executed
branch 14 never executed
branch 15 never executed
call   16 never executed
branch 17 never executed
branch 18 never executed
call   19 never executed
branch 20 never executed
branch 21 never executed
call   22 never executed
branch 23 never executed
branch 24 never executed
call   25 returned 100%
branch 26 taken 100% (fallthrough)
branch 27 taken 0% (throw)
call   28 never executed
call   29 never executed
call   30 never executed
call   31 never executed
        1:   47:    EXPECT_STREQ("Invalid input", NextDay(2015, 6, 32));
call    0 returned 100%
call    1 returned 100%
branch  2 taken 100% (fallthrough)
branch  3 taken 0% (throw)
call    4 returned 100%
branch  5 taken 0% (fallthrough)
branch  6 taken 100%
call    7 never executed
branch  8 never executed
branch  9 never executed
call   10 never executed
branch 11 never executed
branch 12 never executed
call   13 never executed
branch 14 never executed
branch 15 never executed
call   16 never executed
branch 17 never executed
branch 18 never executed
call   19 never executed
branch 20 never executed
branch 21 never executed
call   22 never executed
branch 23 never executed
branch 24 never executed
call   25 returned 100%
branch 26 taken 100% (fallthrough)
branch 27 taken 0% (throw)
call   28 never executed
call   29 never executed
call   30 never executed
call   31 never executed
        -:   48:    
        -:   49:    // invalid month
        1:   50:    EXPECT_STREQ("Invalid input", NextDay(2015, -1, 15));
call    0 returned 100%
call    1 returned 100%
branch  2 taken 100% (fallthrough)
branch  3 taken 0% (throw)
call    4 returned 100%
branch  5 taken 0% (fallthrough)
branch  6 taken 100%
call    7 never executed
branch  8 never executed
branch  9 never executed
call   10 never executed
branch 11 never executed
branch 12 never executed
call   13 never executed
branch 14 never executed
branch 15 never executed
call   16 never executed
branch 17 never executed
branch 18 never executed
call   19 never executed
branch 20 never executed
branch 21 never executed
call   22 never executed
branch 23 never executed
branch 24 never executed
call   25 returned 100%
branch 26 taken 100% (fallthrough)
branch 27 taken 0% (throw)
call   28 never executed
call   29 never executed
call   30 never executed
call   31 never executed
        1:   51:    EXPECT_STREQ("Invalid input", NextDay(2015, 13, 15));
call    0 returned 100%
call    1 returned 100%
branch  2 taken 100% (fallthrough)
branch  3 taken 0% (throw)
call    4 returned 100%
branch  5 taken 0% (fallthrough)
branch  6 taken 100%
call    7 never executed
branch  8 never executed
branch  9 never executed
call   10 never executed
branch 11 never executed
branch 12 never executed
call   13 never executed
branch 14 never executed
branch 15 never executed
call   16 never executed
branch 17 never executed
branch 18 never executed
call   19 never executed
branch 20 never executed
branch 21 never executed
call   22 never executed
branch 23 never executed
branch 24 never executed
call   25 returned 100%
branch 26 taken 100% (fallthrough)
branch 27 taken 0% (throw)
call   28 never executed
call   29 never executed
call   30 never executed
call   31 never executed
        -:   52:
        -:   53:    // invalid year
        1:   54:    EXPECT_STREQ("Invalid input", NextDay(-1, 6, 15));
call    0 returned 100%
call    1 returned 100%
branch  2 taken 100% (fallthrough)
branch  3 taken 0% (throw)
call    4 returned 100%
branch  5 taken 0% (fallthrough)
branch  6 taken 100%
call    7 never executed
branch  8 never executed
branch  9 never executed
call   10 never executed
branch 11 never executed
branch 12 never executed
call   13 never executed
branch 14 never executed
branch 15 never executed
call   16 never executed
branch 17 never executed
branch 18 never executed
call   19 never executed
branch 20 never executed
branch 21 never executed
call   22 never executed
branch 23 never executed
branch 24 never executed
call   25 returned 100%
branch 26 taken 100% (fallthrough)
branch 27 taken 0% (throw)
call   28 never executed
call   29 never executed
call   30 never executed
        1:   55:}
        -:   56:
        -:   57:// SR for NextDay
function _ZN25NextDay_StrongRobust_TestD0Ev called 1 returned 100% blocks executed 100%
function _ZN25NextDay_StrongRobust_TestD2Ev called 1 returned 100% blocks executed 75%
function _ZN25NextDay_StrongRobust_Test8TestBodyEv called 1 returned 100% blocks executed 28%
function _ZN25NextDay_StrongRobust_TestC2Ev called 1 returned 100% blocks executed 100%
        5:   58:TEST(NextDay, StrongRobust) {
call    0 returned 100%
call    1 returned 100%
call    2 returned 100%
call    3 returned 100%
call    4 returned 100%
call    5 returned 100%
call    6 returned 100%
branch  7 taken 0% (fallthrough)
branch  8 taken 100%
call    9 never executed
call   10 returned 100%
        -:   59:    // invalid day month
        1:   60:    EXPECT_STREQ("Invalid input", NextDay(2015, -1, 32));
call    0 returned 100%
call    1 returned 100%
branch  2 taken 100% (fallthrough)
branch  3 taken 0% (throw)
call    4 returned 100%
branch  5 taken 0% (fallthrough)
branch  6 taken 100%
call    7 never executed
branch  8 never executed
branch  9 never executed
call   10 never executed
branch 11 never executed
branch 12 never executed
call   13 never executed
branch 14 never executed
branch 15 never executed
call   16 never executed
branch 17 never executed
branch 18 never executed
call   19 never executed
branch 20 never executed
branch 21 never executed
call   22 never executed
branch 23 never executed
branch 24 never executed
call   25 returned 100%
branch 26 taken 100% (fallthrough)
branch 27 taken 0% (throw)
call   28 never executed
call   29 never executed
call   30 never executed
call   31 never executed
        1:   61:    EXPECT_STREQ("Invalid input", NextDay(2015, 13, -1));
call    0 returned 100%
call    1 returned 100%
branch  2 taken 100% (fallthrough)
branch  3 taken 0% (throw)
call    4 returned 100%
branch  5 taken 0% (fallthrough)
branch  6 taken 100%
call    7 never executed
branch  8 never executed
branch  9 never executed
call   10 never executed
branch 11 never executed
branch 12 never executed
call   13 never executed
branch 14 never executed
branch 15 never executed
call   16 never executed
branch 17 never executed
branch 18 never executed
call   19 never executed
branch 20 never executed
branch 21 never executed
call   22 never executed
branch 23 never executed
branch 24 never executed
call   25 returned 100%
branch 26 taken 100% (fallthrough)
branch 27 taken 0% (throw)
call   28 never executed
call   29 never executed
call   30 never executed
call   31 never executed
        -:   62:    
        -:   63:    // invalid day year
        1:   64:    EXPECT_STREQ("Invalid input", NextDay(-1, 6, -1));
call    0 returned 100%
call    1 returned 100%
branch  2 taken 100% (fallthrough)
branch  3 taken 0% (throw)
call    4 returned 100%
branch  5 taken 0% (fallthrough)
branch  6 taken 100%
call    7 never executed
branch  8 never executed
branch  9 never executed
call   10 never executed
branch 11 never executed
branch 12 never executed
call   13 never executed
branch 14 never executed
branch 15 never executed
call   16 never executed
branch 17 never executed
branch 18 never executed
call   19 never executed
branch 20 never executed
branch 21 never executed
call   22 never executed
branch 23 never executed
branch 24 never executed
call   25 returned 100%
branch 26 taken 100% (fallthrough)
branch 27 taken 0% (throw)
call   28 never executed
call   29 never executed
call   30 never executed
call   31 never executed
        1:   65:    EXPECT_STREQ("Invalid input", NextDay(-1, 6, 32));
call    0 returned 100%
call    1 returned 100%
branch  2 taken 100% (fallthrough)
branch  3 taken 0% (throw)
call    4 returned 100%
branch  5 taken 0% (fallthrough)
branch  6 taken 100%
call    7 never executed
branch  8 never executed
branch  9 never executed
call   10 never executed
branch 11 never executed
branch 12 never executed
call   13 never executed
branch 14 never executed
branch 15 never executed
call   16 never executed
branch 17 never executed
branch 18 never executed
call   19 never executed
branch 20 never executed
branch 21 never executed
call   22 never executed
branch 23 never executed
branch 24 never executed
call   25 returned 100%
branch 26 taken 100% (fallthrough)
branch 27 taken 0% (throw)
call   28 never executed
call   29 never executed
call   30 never executed
call   31 never executed
        -:   66:
        -:   67:    // invalid month year
        1:   68:    EXPECT_STREQ("Invalid input", NextDay(-1, -1, 15));
call    0 returned 100%
call    1 returned 100%
branch  2 taken 100% (fallthrough)
branch  3 taken 0% (throw)
call    4 returned 100%
branch  5 taken 0% (fallthrough)
branch  6 taken 100%
call    7 never executed
branch  8 never executed
branch  9 never executed
call   10 never executed
branch 11 never executed
branch 12 never executed
call   13 never executed
branch 14 never executed
branch 15 never executed
call   16 never executed
branch 17 never executed
branch 18 never executed
call   19 never executed
branch 20 never executed
branch 21 never executed
call   22 never executed
branch 23 never executed
branch 24 never executed
call   25 returned 100%
branch 26 taken 100% (fallthrough)
branch 27 taken 0% (throw)
call   28 never executed
call   29 never executed
call   30 never executed
call   31 never executed
        1:   69:    EXPECT_STREQ("Invalid input", NextDay(-1, 13, 15));
call    0 returned 100%
call    1 returned 100%
branch  2 taken 100% (fallthrough)
branch  3 taken 0% (throw)
call    4 returned 100%
branch  5 taken 0% (fallthrough)
branch  6 taken 100%
call    7 never executed
branch  8 never executed
branch  9 never executed
call   10 never executed
branch 11 never executed
branch 12 never executed
call   13 never executed
branch 14 never executed
branch 15 never executed
call   16 never executed
branch 17 never executed
branch 18 never executed
call   19 never executed
branch 20 never executed
branch 21 never executed
call   22 never executed
branch 23 never executed
branch 24 never executed
call   25 returned 100%
branch 26 taken 100% (fallthrough)
branch 27 taken 0% (throw)
call   28 never executed
call   29 never executed
call   30 never executed
        1:   70:}
        -:   71:
        -:   72:// WR for Commission
function _ZN26Commission_WeakRobust_TestD0Ev called 1 returned 100% blocks executed 100%
function _ZN26Commission_WeakRobust_TestD2Ev called 1 returned 100% blocks executed 75%
function _ZN26Commission_WeakRobust_Test8TestBodyEv called 1 returned 100% blocks executed 28%
function _ZN26Commission_WeakRobust_TestC2Ev called 1 returned 100% blocks executed 100%
        5:   73:TEST(Commission, WeakRobust) {
call    0 returned 100%
call    1 returned 100%
call    2 returned 100%
call    3 returned 100%
call    4 returned 100%
call    5 returned 100%
call    6 returned 100%
branch  7 taken 0% (fallthrough)
branch  8 taken 100%
call    9 never executed
call   10 returned 100%
        -:   74:    // invalid locks
        1:   75:    EXPECT_STREQ("Invalid input", Commission(-1, 40 ,45));
call    0 returned 100%
call    1 returned 100%
branch  2 taken 100% (fallthrough)
branch  3 taken 0% (throw)
call    4 returned 100%
branch  5 taken 0% (fallthrough)
branch  6 taken 100%
call    7 never executed
branch  8 never executed
branch  9 never executed
call   10 never executed
branch 11 never executed
branch 12 never executed
call   13 never executed
branch 14 never executed
branch 15 never executed
call   16 never executed
branch 17 never executed
branch 18 never executed
call   19 never executed
branch 20 never executed
branch 21 never executed
call   22 never executed
branch 23 never executed
branch 24 never executed
call   25 returned 100%
branch 26 taken 100% (fallthrough)
branch 27 taken 0% (throw)
call   28 never executed
call   29 never executed
call   30 never executed
call   31 never executed
        1:   76:    EXPECT_STREQ("Invalid input", Commission(71, 40, 45));
call    0 returned 100%
call    1 returned 100%
branch  2 taken 100% (fallthrough)
branch  3 taken 0% (throw)
call    4 returned 100%
branch  5 taken 0% (fallthrough)
branch  6 taken 100%
call    7 never executed
branch  8 never executed
branch  9 never executed
call   10 never executed
branch 11 never executed
branch 12 never executed
call   13 never executed
branch 14 never executed
branch 15 never executed
call   16 never executed
branch 17 never executed
branch 18 never executed
call   19 never executed
branch 20 never executed
branch 21 never executed
call   22 never executed
branch 23 never executed
branch 24 never executed
call   25 returned 100%
branch 26 taken 100% (fallthrough)
branch 27 taken 0% (throw)
call   28 never executed
call   29 never executed
call   30 never executed
call   31 never executed
        -:   77:
        -:   78:    // invalid stocks
        1:   79:    EXPECT_STREQ("Invalid input", Commission(35, -1, 45));
call    0 returned 100%
call    1 returned 100%
branch  2 taken 100% (fallthrough)
branch  3 taken 0% (throw)
call    4 returned 100%
branch  5 taken 0% (fallthrough)
branch  6 taken 100%
call    7 never executed
branch  8 never executed
branch  9 never executed
call   10 never executed
branch 11 never executed
branch 12 never executed
call   13 never executed
branch 14 never executed
branch 15 never executed
call   16 never executed
branch 17 never executed
branch 18 never executed
call   19 never executed
branch 20 never executed
branch 21 never executed
call   22 never executed
branch 23 never executed
branch 24 never executed
call   25 returned 100%
branch 26 taken 100% (fallthrough)
branch 27 taken 0% (throw)
call   28 never executed
call   29 never executed
call   30 never executed
call   31 never executed
        1:   80:    EXPECT_STREQ("Invalid input", Commission(35, 81, 45));
call    0 returned 100%
call    1 returned 100%
branch  2 taken 100% (fallthrough)
branch  3 taken 0% (throw)
call    4 returned 100%
branch  5 taken 0% (fallthrough)
branch  6 taken 100%
call    7 never executed
branch  8 never executed
branch  9 never executed
call   10 never executed
branch 11 never executed
branch 12 never executed
call   13 never executed
branch 14 never executed
branch 15 never executed
call   16 never executed
branch 17 never executed
branch 18 never executed
call   19 never executed
branch 20 never executed
branch 21 never executed
call   22 never executed
branch 23 never executed
branch 24 never executed
call   25 returned 100%
branch 26 taken 100% (fallthrough)
branch 27 taken 0% (throw)
call   28 never executed
call   29 never executed
call   30 never executed
call   31 never executed
        -:   81:
        -:   82:    // invalid barrels
        1:   83:    EXPECT_STREQ("Invalid input", Commission(35, 40, -1));
call    0 returned 100%
call    1 returned 100%
branch  2 taken 100% (fallthrough)
branch  3 taken 0% (throw)
call    4 returned 100%
branch  5 taken 0% (fallthrough)
branch  6 taken 100%
call    7 never executed
branch  8 never executed
branch  9 never executed
call   10 never executed
branch 11 never executed
branch 12 never executed
call   13 never executed
branch 14 never executed
branch 15 never executed
call   16 never executed
branch 17 never executed
branch 18 never executed
call   19 never executed
branch 20 never executed
branch 21 never executed
call   22 never executed
branch 23 never executed
branch 24 never executed
call   25 returned 100%
branch 26 taken 100% (fallthrough)
branch 27 taken 0% (throw)
call   28 never executed
call   29 never executed
call   30 never executed
call   31 never executed
        1:   84:    EXPECT_STREQ("Invalid input", Commission(35, 40, 91));
call    0 returned 100%
call    1 returned 100%
branch  2 taken 100% (fallthrough)
branch  3 taken 0% (throw)
call    4 returned 100%
branch  5 taken 0% (fallthrough)
branch  6 taken 100%
call    7 never executed
branch  8 never executed
branch  9 never executed
call   10 never executed
branch 11 never executed
branch 12 never executed
call   13 never executed
branch 14 never executed
branch 15 never executed
call   16 never executed
branch 17 never executed
branch 18 never executed
call   19 never executed
branch 20 never executed
branch 21 never executed
call   22 never executed
branch 23 never executed
branch 24 never executed
call   25 returned 100%
branch 26 taken 100% (fallthrough)
branch 27 taken 0% (throw)
call   28 never executed
call   29 never executed
call   30 never executed
        1:   85:}
        -:   86:
        -:   87:// SR for Commission
function _ZN28Commission_StrongRobust_TestD0Ev called 1 returned 100% blocks executed 100%
function _ZN28Commission_StrongRobust_TestD2Ev called 1 returned 100% blocks executed 75%
function _ZN28Commission_StrongRobust_Test8TestBodyEv called 1 returned 100% blocks executed 28%
function _ZN28Commission_StrongRobust_TestC2Ev called 1 returned 100% blocks executed 100%
        5:   88:TEST(Commission, StrongRobust) {
call    0 returned 100%
call    1 returned 100%
call    2 returned 100%
call    3 returned 100%
call    4 returned 100%
call    5 returned 100%
call    6 returned 100%
branch  7 taken 0% (fallthrough)
branch  8 taken 100%
call    9 never executed
call   10 returned 100%
        -:   89:    // invalid locks and stocks
        1:   90:    EXPECT_STREQ("Invalid input", Commission(-1, 81, 45));
call    0 returned 100%
call    1 returned 100%
branch  2 taken 100% (fallthrough)
branch  3 taken 0% (throw)
call    4 returned 100%
branch  5 taken 0% (fallthrough)
branch  6 taken 100%
call    7 never executed
branch  8 never executed
branch  9 never executed
call   10 never executed
branch 11 never executed
branch 12 never executed
call   13 never executed
branch 14 never executed
branch 15 never executed
call   16 never executed
branch 17 never executed
branch 18 never executed
call   19 never executed
branch 20 never executed
branch 21 never executed
call   22 never executed
branch 23 never executed
branch 24 never executed
call   25 returned 100%
branch 26 taken 100% (fallthrough)
branch 27 taken 0% (throw)
call   28 never executed
call   29 never executed
call   30 never executed
call   31 never executed
        1:   91:    EXPECT_STREQ("Invalid input", Commission(71, -1, 45));
call    0 returned 100%
call    1 returned 100%
branch  2 taken 100% (fallthrough)
branch  3 taken 0% (throw)
call    4 returned 100%
branch  5 taken 0% (fallthrough)
branch  6 taken 100%
call    7 never executed
branch  8 never executed
branch  9 never executed
call   10 never executed
branch 11 never executed
branch 12 never executed
call   13 never executed
branch 14 never executed
branch 15 never executed
call   16 never executed
branch 17 never executed
branch 18 never executed
call   19 never executed
branch 20 never executed
branch 21 never executed
call   22 never executed
branch 23 never executed
branch 24 never executed
call   25 returned 100%
branch 26 taken 100% (fallthrough)
branch 27 taken 0% (throw)
call   28 never executed
call   29 never executed
call   30 never executed
call   31 never executed
        -:   92:    // invalid locks and barrels
        1:   93:    EXPECT_STREQ("Invalid input", Commission(-1, 40, 91));
call    0 returned 100%
call    1 returned 100%
branch  2 taken 100% (fallthrough)
branch  3 taken 0% (throw)
call    4 returned 100%
branch  5 taken 0% (fallthrough)
branch  6 taken 100%
call    7 never executed
branch  8 never executed
branch  9 never executed
call   10 never executed
branch 11 never executed
branch 12 never executed
call   13 never executed
branch 14 never executed
branch 15 never executed
call   16 never executed
branch 17 never executed
branch 18 never executed
call   19 never executed
branch 20 never executed
branch 21 never executed
call   22 never executed
branch 23 never executed
branch 24 never executed
call   25 returned 100%
branch 26 taken 100% (fallthrough)
branch 27 taken 0% (throw)
call   28 never executed
call   29 never executed
call   30 never executed
call   31 never executed
        1:   94:    EXPECT_STREQ("Invalid input", Commission(71, 40, -1));
call    0 returned 100%
call    1 returned 100%
branch  2 taken 100% (fallthrough)
branch  3 taken 0% (throw)
call    4 returned 100%
branch  5 taken 0% (fallthrough)
branch  6 taken 100%
call    7 never executed
branch  8 never executed
branch  9 never executed
call   10 never executed
branch 11 never executed
branch 12 never executed
call   13 never executed
branch 14 never executed
branch 15 never executed
call   16 never executed
branch 17 never executed
branch 18 never executed
call   19 never executed
branch 20 never executed
branch 21 never executed
call   22 never executed
branch 23 never executed
branch 24 never executed
call   25 returned 100%
branch 26 taken 100% (fallthrough)
branch 27 taken 0% (throw)
call   28 never executed
call   29 never executed
call   30 never executed
call   31 never executed
        -:   95:    // invalic stocks and barrels
        1:   96:    EXPECT_STREQ("Invalid input", Commission(35, -1, 91));
call    0 returned 100%
call    1 returned 100%
branch  2 taken 100% (fallthrough)
branch  3 taken 0% (throw)
call    4 returned 100%
branch  5 taken 0% (fallthrough)
branch  6 taken 100%
call    7 never executed
branch  8 never executed
branch  9 never executed
call   10 never executed
branch 11 never executed
branch 12 never executed
call   13 never executed
branch 14 never executed
branch 15 never executed
call   16 never executed
branch 17 never executed
branch 18 never executed
call   19 never executed
branch 20 never executed
branch 21 never executed
call   22 never executed
branch 23 never executed
branch 24 never executed
call   25 returned 100%
branch 26 taken 100% (fallthrough)
branch 27 taken 0% (throw)
call   28 never executed
call   29 never executed
call   30 never executed
call   31 never executed
        1:   97:    EXPECT_STREQ("Invalid input", Commission(35, 81, -1));
call    0 returned 100%
call    1 returned 100%
branch  2 taken 100% (fallthrough)
branch  3 taken 0% (throw)
call    4 returned 100%
branch  5 taken 0% (fallthrough)
branch  6 taken 100%
call    7 never executed
branch  8 never executed
branch  9 never executed
call   10 never executed
branch 11 never executed
branch 12 never executed
call   13 never executed
branch 14 never executed
branch 15 never executed
call   16 never executed
branch 17 never executed
branch 18 never executed
call   19 never executed
branch 20 never executed
branch 21 never executed
call   22 never executed
branch 23 never executed
branch 24 never executed
call   25 returned 100%
branch 26 taken 100% (fallthrough)
branch 27 taken 0% (throw)
call   28 never executed
call   29 never executed
call   30 never executed
        -:   98:
        1:   99:}
        -:  100:
        -:  101:// decision table based testing
function _ZN37TriangleTest_decision_table_base_TestD0Ev called 1 returned 100% blocks executed 100%
function _ZN37TriangleTest_decision_table_base_TestD2Ev called 1 returned 100% blocks executed 75%
function _ZN37TriangleTest_decision_table_base_Test8TestBodyEv called 1 returned 100% blocks executed 27%
function _ZN37TriangleTest_decision_table_base_TestC2Ev called 1 returned 100% blocks executed 100%
        5:  102:TEST(TriangleTest, decision_table_base) {
call    0 returned 100%
call    1 returned 100%
call    2 returned 100%
call    3 returned 100%
call    4 returned 100%
call    5 returned 100%
call    6 returned 100%
branch  7 taken 0% (fallthrough)
branch  8 taken 100%
call    9 never executed
call   10 returned 100%
        -:  103:
        1:  104:	EXPECT_STREQ("NotATriangle", Triangle(4,1,2));
call    0 returned 100%
call    1 returned 100%
branch  2 taken 100% (fallthrough)
branch  3 taken 0% (throw)
call    4 returned 100%
branch  5 taken 0% (fallthrough)
branch  6 taken 100%
call    7 never executed
branch  8 never executed
branch  9 never executed
call   10 never executed
branch 11 never executed
branch 12 never executed
call   13 never executed
branch 14 never executed
branch 15 never executed
call   16 never executed
branch 17 never executed
branch 18 never executed
call   19 never executed
branch 20 never executed
branch 21 never executed
call   22 never executed
branch 23 never executed
branch 24 never executed
call   25 returned 100%
branch 26 taken 100% (fallthrough)
branch 27 taken 0% (throw)
call   28 never executed
call   29 never executed
call   30 never executed
call   31 never executed
        1:  105:	EXPECT_STREQ("NotATriangle", Triangle(1,4,2));
call    0 returned 100%
call    1 returned 100%
branch  2 taken 100% (fallthrough)
branch  3 taken 0% (throw)
call    4 returned 100%
branch  5 taken 0% (fallthrough)
branch  6 taken 100%
call    7 never executed
branch  8 never executed
branch  9 never executed
call   10 never executed
branch 11 never executed
branch 12 never executed
call   13 never executed
branch 14 never executed
branch 15 never executed
call   16 never executed
branch 17 never executed
branch 18 never executed
call   19 never executed
branch 20 never executed
branch 21 never executed
call   22 never executed
branch 23 never executed
branch 24 never executed
call   25 returned 100%
branch 26 taken 100% (fallthrough)
branch 27 taken 0% (throw)
call   28 never executed
call   29 never executed
call   30 never executed
call   31 never executed
        1:  106:	EXPECT_STREQ("NotATriangle", Triangle(1,2,4));
call    0 returned 100%
call    1 returned 100%
branch  2 taken 100% (fallthrough)
branch  3 taken 0% (throw)
call    4 returned 100%
branch  5 taken 0% (fallthrough)
branch  6 taken 100%
call    7 never executed
branch  8 never executed
branch  9 never executed
call   10 never executed
branch 11 never executed
branch 12 never executed
call   13 never executed
branch 14 never executed
branch 15 never executed
call   16 never executed
branch 17 never executed
branch 18 never executed
call   19 never executed
branch 20 never executed
branch 21 never executed
call   22 never executed
branch 23 never executed
branch 24 never executed
call   25 returned 100%
branch 26 taken 100% (fallthrough)
branch 27 taken 0% (throw)
call   28 never executed
call   29 never executed
call   30 never executed
call   31 never executed
        1:  107:	EXPECT_STREQ("Equilateral", Triangle(5,5,5));
call    0 returned 100%
call    1 returned 100%
branch  2 taken 100% (fallthrough)
branch  3 taken 0% (throw)
call    4 returned 100%
branch  5 taken 0% (fallthrough)
branch  6 taken 100%
call    7 never executed
branch  8 never executed
branch  9 never executed
call   10 never executed
branch 11 never executed
branch 12 never executed
call   13 never executed
branch 14 never executed
branch 15 never executed
call   16 never executed
branch 17 never executed
branch 18 never executed
call   19 never executed
branch 20 never executed
branch 21 never executed
call   22 never executed
branch 23 never executed
branch 24 never executed
call   25 returned 100%
branch 26 taken 100% (fallthrough)
branch 27 taken 0% (throw)
call   28 never executed
call   29 never executed
call   30 never executed
call   31 never executed
        1:  108:	EXPECT_STREQ("Isosceles", Triangle(2,2,3));
call    0 returned 100%
call    1 returned 100%
branch  2 taken 100% (fallthrough)
branch  3 taken 0% (throw)
call    4 returned 100%
branch  5 taken 0% (fallthrough)
branch  6 taken 100%
call    7 never executed
branch  8 never executed
branch  9 never executed
call   10 never executed
branch 11 never executed
branch 12 never executed
call   13 never executed
branch 14 never executed
branch 15 never executed
call   16 never executed
branch 17 never executed
branch 18 never executed
call   19 never executed
branch 20 never executed
branch 21 never executed
call   22 never executed
branch 23 never executed
branch 24 never executed
call   25 returned 100%
branch 26 taken 100% (fallthrough)
branch 27 taken 0% (throw)
call   28 never executed
call   29 never executed
call   30 never executed
call   31 never executed
        1:  109:	EXPECT_STREQ("Isosceles", Triangle(2,3,2));
call    0 returned 100%
call    1 returned 100%
branch  2 taken 100% (fallthrough)
branch  3 taken 0% (throw)
call    4 returned 100%
branch  5 taken 0% (fallthrough)
branch  6 taken 100%
call    7 never executed
branch  8 never executed
branch  9 never executed
call   10 never executed
branch 11 never executed
branch 12 never executed
call   13 never executed
branch 14 never executed
branch 15 never executed
call   16 never executed
branch 17 never executed
branch 18 never executed
call   19 never executed
branch 20 never executed
branch 21 never executed
call   22 never executed
branch 23 never executed
branch 24 never executed
call   25 returned 100%
branch 26 taken 100% (fallthrough)
branch 27 taken 0% (throw)
call   28 never executed
call   29 never executed
call   30 never executed
call   31 never executed
        1:  110:	EXPECT_STREQ("Isosceles", Triangle(3,2,2));
call    0 returned 100%
call    1 returned 100%
branch  2 taken 100% (fallthrough)
branch  3 taken 0% (throw)
call    4 returned 100%
branch  5 taken 0% (fallthrough)
branch  6 taken 100%
call    7 never executed
branch  8 never executed
branch  9 never executed
call   10 never executed
branch 11 never executed
branch 12 never executed
call   13 never executed
branch 14 never executed
branch 15 never executed
call   16 never executed
branch 17 never executed
branch 18 never executed
call   19 never executed
branch 20 never executed
branch 21 never executed
call   22 never executed
branch 23 never executed
branch 24 never executed
call   25 returned 100%
branch 26 taken 100% (fallthrough)
branch 27 taken 0% (throw)
call   28 never executed
call   29 never executed
call   30 never executed
call   31 never executed
        1:  111:	EXPECT_STREQ("Scalene", Triangle(3,4,5));
call    0 returned 100%
call    1 returned 100%
branch  2 taken 100% (fallthrough)
branch  3 taken 0% (throw)
call    4 returned 100%
branch  5 taken 0% (fallthrough)
branch  6 taken 100%
call    7 never executed
branch  8 never executed
branch  9 never executed
call   10 never executed
branch 11 never executed
branch 12 never executed
call   13 never executed
branch 14 never executed
branch 15 never executed
call   16 never executed
branch 17 never executed
branch 18 never executed
call   19 never executed
branch 20 never executed
branch 21 never executed
call   22 never executed
branch 23 never executed
branch 24 never executed
call   25 returned 100%
branch 26 taken 100% (fallthrough)
branch 27 taken 0% (throw)
call   28 never executed
call   29 never executed
call   30 never executed
call   31 never executed
        1:  112:	EXPECT_STREQ("Scalene", Triangle(5,3,4));
call    0 returned 100%
call    1 returned 100%
branch  2 taken 100% (fallthrough)
branch  3 taken 0% (throw)
call    4 returned 100%
branch  5 taken 0% (fallthrough)
branch  6 taken 100%
call    7 never executed
branch  8 never executed
branch  9 never executed
call   10 never executed
branch 11 never executed
branch 12 never executed
call   13 never executed
branch 14 never executed
branch 15 never executed
call   16 never executed
branch 17 never executed
branch 18 never executed
call   19 never executed
branch 20 never executed
branch 21 never executed
call   22 never executed
branch 23 never executed
branch 24 never executed
call   25 returned 100%
branch 26 taken 100% (fallthrough)
branch 27 taken 0% (throw)
call   28 never executed
call   29 never executed
call   30 never executed
call   31 never executed
        1:  113:	EXPECT_STREQ("Scalene", Triangle(3,5,4));
call    0 returned 100%
call    1 returned 100%
branch  2 taken 100% (fallthrough)
branch  3 taken 0% (throw)
call    4 returned 100%
branch  5 taken 0% (fallthrough)
branch  6 taken 100%
call    7 never executed
branch  8 never executed
branch  9 never executed
call   10 never executed
branch 11 never executed
branch 12 never executed
call   13 never executed
branch 14 never executed
branch 15 never executed
call   16 never executed
branch 17 never executed
branch 18 never executed
call   19 never executed
branch 20 never executed
branch 21 never executed
call   22 never executed
branch 23 never executed
branch 24 never executed
call   25 returned 100%
branch 26 taken 100% (fallthrough)
branch 27 taken 0% (throw)
call   28 never executed
call   29 never executed
call   30 never executed
call   31 never executed
        1:  114:	EXPECT_STREQ("Right triangle", Triangle(3,4,6));
call    0 returned 100%
call    1 returned 100%
branch  2 taken 100% (fallthrough)
branch  3 taken 0% (throw)
call    4 returned 100%
branch  5 taken 0% (fallthrough)
branch  6 taken 100%
call    7 never executed
branch  8 never executed
branch  9 never executed
call   10 never executed
branch 11 never executed
branch 12 never executed
call   13 never executed
branch 14 never executed
branch 15 never executed
call   16 never executed
branch 17 never executed
branch 18 never executed
call   19 never executed
branch 20 never executed
branch 21 never executed
call   22 never executed
branch 23 never executed
branch 24 never executed
call   25 returned 100%
branch 26 taken 100% (fallthrough)
branch 27 taken 0% (throw)
call   28 never executed
call   29 never executed
call   30 never executed
        1:  115:}
        -:  116:
function main called 1 returned 100% blocks executed 100%
        1:  117:int main(int argc, char ** argv) {
        1:  118:    testing::InitGoogleTest(&argc, argv);
call    0 returned 100%
        1:  119:    return RUN_ALL_TESTS();
call    0 returned 100%
function _GLOBAL__sub_I__Z8Triangleiii called 1 returned 100% blocks executed 100%
function _Z41__static_initialization_and_destruction_0ii called 1 returned 100% blocks executed 100%
        3:  120:}
call    0 returned 100%
branch  1 taken 100% (fallthrough)
branch  2 taken 0%
branch  3 taken 100% (fallthrough)
branch  4 taken 0%
        -:  121:
